<?xml version="1.0" encoding="UTF-8"?>
<!-- Generated by org.testng.reporters.JUnitXMLReporter -->
<testsuite ignored="1" hostname="DESKTOP-DGCSQ6V" failures="0" tests="1" name="Test" time="37.794" errors="0" timestamp="2025-01-27T14:55:11 IST">
  <testcase classname="com.Mystore.testcases.TestClass" name="verifyalreadyregistereduvser" time="23.239"/>
  <testcase classname="com.Mystore.testcases.TestClass" name="verifyLogin" time="0.0">
    <ignored/>
  </testcase> <!-- verifyLogin -->
</testsuite> <!-- Test -->
