<?xml version="1.0" encoding="UTF-8"?>
<testng-results ignored="0" total="1" passed="1" failed="0" skipped="0">
  <reporter-output>
  </reporter-output>
  <suite started-at="2025-01-28T08:35:28 IST" name="Default suite" finished-at="2025-01-28T08:37:36 IST" duration-ms="128513">
    <groups>
    </groups>
    <test started-at="2025-01-28T08:35:28 IST" name="Default test" finished-at="2025-01-28T08:37:36 IST" duration-ms="128513">
      <class name="com.Mystore.testcases.TestClass">
        <test-method is-config="true" signature="setUp()[pri:0, instance:com.Mystore.testcases.TestClass@ed7f8b4]" started-at="2025-01-28T08:35:28 IST" name="setUp" finished-at="2025-01-28T08:37:18 IST" duration-ms="110204" status="PASS">
          <reporter-output>
          </reporter-output>
        </test-method> <!-- setUp -->
        <test-method signature="verifyalreadyregistereduvser()[pri:0, instance:com.Mystore.testcases.TestClass@ed7f8b4]" started-at="2025-01-28T08:37:18 IST" name="verifyalreadyregistereduvser" finished-at="2025-01-28T08:37:36 IST" duration-ms="17726" status="PASS">
          <reporter-output>
          </reporter-output>
        </test-method> <!-- verifyalreadyregistereduvser -->
        <test-method is-config="true" signature="tearDown()[pri:0, instance:com.Mystore.testcases.TestClass@ed7f8b4]" started-at="2025-01-28T08:37:36 IST" name="tearDown" finished-at="2025-01-28T08:37:36 IST" duration-ms="477" status="PASS">
          <reporter-output>
          </reporter-output>
        </test-method> <!-- tearDown -->
      </class> <!-- com.Mystore.testcases.TestClass -->
    </test> <!-- Default test -->
  </suite> <!-- Default suite -->
</testng-results>
